 
STEADY-STATE RESULTS:
 
RR_US          		 1.8456
RR_US_BAR      		 1.8456
UNR_US         		 6.567
UNR_US_GAP     		 0
UNR_US_BAR     		 6.567
PIE_US         		 2.5
PIE_US4        		 2.5
Y_US           		 0
LGDP_US        		 895.093
LGDP_US_BAR    		 895.093
RS_US          		 4.3456
G_US           		 2.7599
LCPI_US        		 441.717
E4_PIE_US4     		 2.5
E1_Y_US        		 0
E1_PIE_US      		 2.5
UNR_G_US       		 0
GROWTH_US      		 2.7599
GROWTH4_US     		 2.7599
GROWTH4_US_BAR 		 2.7599
BLT_US         		 -8.87
BLT_US_BAR     		 -8.87
E              		 0
E2             		 0
 
EIGENVALUES:
         Modulus             Real        Imaginary

               0                0                0
               0                0                0
               0                0                0
               0                0                0
               0                0                0
               0                0                0
               0                0                0
               0                0                0
               0                0                0
               0                0                0
               0                0                0
               0                0                0
               0                0                0
               0                0                0
               0                0                0
               0                0                0
       8.06e-017       -8.06e-017                0
             0.1              0.1                0
          0.4822          -0.4822                0
          0.5118         -0.05828           0.5085
          0.5118         -0.05828          -0.5085
          0.6648           0.6648                0
          0.6992           0.6992                0
          0.7796           0.7796                0
             0.9              0.9                0
           0.951           0.9252           0.2203
           0.951           0.9252          -0.2203
               1                1                0
               1                1                0
               1                1                0
               1                1                0
           1.156            1.156                0
           1.718          -0.2063            1.706
           1.718          -0.2063           -1.706
           1.824           -1.824                0
           7.308            7.308                0
             Inf              Inf                0
             Inf              Inf                0
             Inf              Inf                0
             Inf              Inf                0


There are 9 eigenvalue(s) larger than 1 in modulus 
for 9 forward-looking variable(s)
 
The rank condition is verified.
 
Loading 56 observations from data.m

Initial value of the log posterior (or likelihood): -236.9912
 
RESULTS FROM POSTERIOR MAXIMIZATION
parameters
           prior mean     mode    s.d. t-stat prior pstdev

   alpha_us1   0.800   0.8713  0.0507 17.1929 beta  0.1000
   alpha_us2   0.300   0.1757  0.0359  4.8940 gamm  0.2000
   alpha_us3   0.500   0.4890  0.2883  1.6964 beta  0.2000
growth_us_ss   2.500   2.5484  0.4440  5.7394 norm  0.2500
rr_us_bar_ss   2.000   1.9076  0.3582  5.3251 norm  0.2000
      rho_us   0.900   0.9214  0.0483 19.0863 beta  0.0500
      tau_us   0.100   0.0789  0.0392  2.0098 beta  0.0500
    beta_us1   0.750   0.6634  0.0549 12.0760 gamm  0.1000
    beta_us2   0.150   0.0559  0.0622  0.8982 beta  0.1000
    beta_us3   0.200   0.1434  0.0312  4.5930 gamm  0.0500
  lambda_us1   0.500   0.7082  0.0610 11.6095 beta  0.1000
  lambda_us2   0.250   0.2237  0.0394  5.6752 gamm  0.0500
   gamma_us1   0.500   0.7902  0.0204 38.7860 beta  0.0500
   gamma_us2   1.500   1.3937  0.3281  4.2481 gamm  0.3000
   gamma_us4   0.200   0.2152  0.0604  3.5635 gamm  0.0500
    kappa_us  20.000  20.0059  0.5313 37.6513 gamm  0.5000
       theta   1.000   1.1435  0.5842  1.9573 gamm  0.5000
standard deviation of shocks
           prior mean     mode    s.d. t-stat prior pstdev

RES_UNR_US_GAP   0.200   0.0978  0.0177  5.5289 invg     Inf
RES_UNR_US_BAR   0.100   0.0482  0.0216  2.2346 invg     Inf
RES_UNR_G_US   0.100   0.0466  0.0187  2.4888 invg     Inf
    RES_Y_US   0.250   0.3437  0.0442  7.7753 invg     Inf
RES_LGDP_US_BAR   0.050   0.0230  0.0094  2.4485 invg     Inf
    RES_G_US   0.100   0.3464  0.0904  3.8326 invg     Inf
  RES_PIE_US   0.700   1.2380  0.1222 10.1284 invg     Inf
   RES_RS_US   0.700   0.4439  0.0449  9.8947 invg     Inf
RES_RR_US_BAR   0.200   0.0940  0.0401  2.3441 invg     Inf
  RES_BLT_US   0.400   0.8330  0.4004  2.0805 invg     Inf
RES_BLT_US_BAR   0.200   0.0938  0.0400  2.3442 invg     Inf
correlation of shocks
           prior mean     mode    s.d. t-stat prior pstdev

RES_Y_US,RES_G_US   0.250   0.1870  0.0974  1.9206 beta  0.1000
RES_LGDP_US_BAR,RES_PIE_US   0.050   0.0425  0.0189  2.2453 beta  0.0200
 
Log data density [Laplace approximation] is -295.851015.
 
 
MODEL SUMMARY
 
  Number of variables:         24
  Number of stochastic shocks: 11
  Number of state variables:   31
  Number of jumpers:           3
  Number of static variables:  9


MATRIX OF COVARIANCE OF EXOGENOUS SHOCKS

Variables            RES_RR_US_BAR    RES_UNR_US_GAP   RES_UNR_US_BAR   RES_RS_US        RES_G_US         RES_Y_US         RES_LGDP_US_BAR  RES_PIE_US       RES_UNR_G_US     RES_BLT_US       RES_BLT_US_BAR   
RES_RR_US_BAR             0.008842         0.000000         0.000000         0.000000         0.000000         0.000000         0.000000         0.000000         0.000000         0.000000         0.000000
RES_UNR_US_GAP            0.000000         0.009566         0.000000         0.000000         0.000000         0.000000         0.000000         0.000000         0.000000         0.000000         0.000000
RES_UNR_US_BAR            0.000000         0.000000         0.002328         0.000000         0.000000         0.000000         0.000000         0.000000         0.000000         0.000000         0.000000
RES_RS_US                 0.000000         0.000000         0.000000         0.197053         0.000000         0.000000         0.000000         0.000000         0.000000         0.000000         0.000000
RES_G_US                  0.000000         0.000000         0.000000         0.000000         0.120005         0.022265         0.000000         0.000000         0.000000         0.000000         0.000000
RES_Y_US                  0.000000         0.000000         0.000000         0.000000         0.022265         0.118121         0.000000         0.000000         0.000000         0.000000         0.000000
RES_LGDP_US_BAR           0.000000         0.000000         0.000000         0.000000         0.000000         0.000000         0.000529         0.001210         0.000000         0.000000         0.000000
RES_PIE_US                0.000000         0.000000         0.000000         0.000000         0.000000         0.000000         0.001210         1.532747         0.000000         0.000000         0.000000
RES_UNR_G_US              0.000000         0.000000         0.000000         0.000000         0.000000         0.000000         0.000000         0.000000         0.002167         0.000000         0.000000
RES_BLT_US                0.000000         0.000000         0.000000         0.000000         0.000000         0.000000         0.000000         0.000000         0.000000         0.693902         0.000000
RES_BLT_US_BAR            0.000000         0.000000         0.000000         0.000000         0.000000         0.000000         0.000000         0.000000         0.000000         0.000000         0.008806
 
POLICY AND TRANSITION FUNCTIONS
                          Y_US            PIE_US4         RS_US           UNR_US          UNR_US_BAR      GROWTH_US       GROWTH4_US      GROWTH4_US_BAR  BLT_US        
Constant                           0        2.500000        4.407602        6.567000        6.567000        2.548360        2.548360        2.548360       -8.870000
RR_US         (-1)         -0.149380       -0.008021       -0.029620        0.026253               0       -0.597521       -0.149380               0        0.549257
RR_US_BAR     (-1)          0.149914        0.008137        0.046556       -0.026347               0        0.599655        0.149914               0       -0.543653
UNR_US_GAP    (-1)                 0               0               0       -0.871260               0               0               0               0               0
UNR_US_BAR    (-1)                 0               0               0        1.000000        1.000000               0               0               0               0
LGDP_US       (-1)                 0               0               0               0               0       -4.000000               0               0               0
LGDP_US_BAR   (-1)                 0               0               0               0               0        4.000000        1.000000        1.000000               0
RS_US         (-1)         -0.007669       -0.028427        0.716899        0.001348               0       -0.030676       -0.007669               0        3.801699
G_US          (-1)                 0               0               0               0               0        0.921132        0.230283        0.230283               0
UNR_G_US      (-1)                 0               0               0        0.510979        0.510979               0               0               0               0
BLT_US_BAR    (-1)                 0               0               0               0               0               0               0               0        1.000000
E             (-1)         -0.054795       -0.061665       -0.159299        0.009630               0       -0.219179       -0.054795               0        9.694918
PIE_US        (-1)          0.000679        0.268171        0.055739       -0.000119               0        0.002715        0.000679               0        0.131189
PIE_US4       (-1)         -0.000119        0.079190        0.053844        0.000021               0       -0.000475       -0.000119               0        0.196653
Y_US          (-1)          0.691160        0.097813        0.178332       -0.121470               0        2.764641        0.691160               0       -2.390946
E             (-2)         -0.105318       -0.061895       -0.163125        0.018509               0       -0.421272       -0.105318               0       10.300710
PIE_US        (-2)          0.000634        0.261449        0.035295       -0.000111               0        0.002535        0.000634               0        0.093202
E             (-3)         -0.155751       -0.058459       -0.158790        0.027373               0       -0.623003       -0.155751               0        9.554308
PIE_US        (-3)          0.000566        0.255406        0.016731       -0.000100               0        0.002266        0.000566               0        0.040386
LGDP_US       (-4)                 0               0               0               0               0               0       -1.000000               0               0
LGDP_US_BAR   (-4)                 0               0               0               0               0               0               0       -1.000000               0
E             (-4)         -0.205815       -0.051307       -0.144662        0.036171               0       -0.823260       -0.205815               0        7.904307
E             (-5)         -0.250308       -0.040683       -0.120238        0.043991               0       -1.001233       -0.250308               0        5.669289
E             (-6)         -0.199524       -0.027243       -0.082788        0.035066               0       -0.798097       -0.199524               0        3.124016
E             (-7)         -0.148792       -0.016207       -0.051553        0.026150               0       -0.595170       -0.148792               0        1.546469
E             (-8)         -0.098124       -0.007945       -0.026785        0.017245               0       -0.392495       -0.098124               0        0.638141
E             (-9)         -0.047659       -0.002559       -0.009450        0.008376               0       -0.190636       -0.047659               0        0.175238
RES_RR_US_BAR               0.006790        0.001468        0.215495       -0.001193               0        0.027159        0.006790               0        0.071313
RES_UNR_US_GAP                     0               0               0       -1.000000               0               0               0               0               0
RES_UNR_US_BAR                     0               0               0        1.000000        1.000000               0               0               0               0
RES_RS_US                  -0.009705       -0.035975        0.907245        0.001706               0       -0.038821       -0.009705               0        4.811100
RES_G_US                           0               0               0               0               0        1.000000        0.250000        0.250000               0
RES_Y_US                    1.041993        0.055953        0.206610       -0.183128               0        4.167974        1.041993               0       -3.831316
RES_LGDP_US_BAR                    0               0               0               0               0        4.000000        1.000000        1.000000               0
RES_PIE_US                  0.000407       -0.271362       -0.184509       -0.000072               0        0.001629        0.000407               0       -0.673872
RES_UNR_G_US                       0               0               0        1.000000        1.000000               0               0               0               0
RES_BLT_US                 -0.004200       -0.058401       -0.147514        0.000738               0       -0.016802       -0.004200               0        8.141665
RES_BLT_US_BAR                     0               0               0               0               0               0               0               0        1.000000


THEORETICAL MOMENTS

VARIABLE          MEAN       STD. DEV.  VARIANCE   
Y_US                 0.0000     1.0171     1.0344
PIE_US4              2.5000     1.2054     1.4529
RS_US                4.4076     1.7843     3.1836
UNR_US               6.5670     0.7988     0.6381
UNR_US_BAR           6.5670     0.0725     0.0053
GROWTH_US            2.5484     2.1267     4.5227
GROWTH4_US           2.5484     1.4243     2.0285
GROWTH4_US_BAR       2.5484     0.8480     0.7191
BLT_US              -8.8700    16.9974   288.9125
 


VARIANCE DECOMPOSITION (in percent)

                    RES_RR_US_BAR    RES_UNR_US_GAP   RES_UNR_US_BAR   RES_RS_US        RES_G_US         RES_Y_US         RES_LGDP_US_BAR  RES_PIE_US       RES_UNR_G_US     RES_BLT_US       RES_BLT_US_BAR   
Y_US                         0.02             0.00             0.00             5.79             0.84            23.12             0.00             2.37             0.00            67.86             0.00
PIE_US4                      0.00             0.00             0.00             3.72             0.12             3.29             0.09            47.12             0.00            45.68             0.00
RS_US                        0.04             0.00             0.00             9.08             0.14             3.88             0.02            10.18             0.00            76.66             0.00
UNR_US                       0.01             6.22             0.36             6.27             0.53            14.73             0.01             3.53             0.46            67.87             0.00
UNR_US_BAR                   0.00             0.00            44.25             0.00             0.00             0.00             0.00             0.00            55.75             0.00             0.00
GROWTH_US                    0.06             0.00             0.00             2.97            20.17            52.39             0.19             0.42             0.00            23.81             0.00
GROWTH4_US                   0.02             0.00             0.00             3.40            34.53            20.65             0.11             0.77             0.00            40.52             0.00
GROWTH4_US_BAR               0.00             0.00             0.00             0.00            99.71             0.00             0.29             0.00             0.00             0.00             0.00
BLT_US                       0.00             0.00             0.00             3.96             0.04             1.14             0.01             3.17             0.00            91.67             0.00
 


MATRIX OF CORRELATIONS

Variables           Y_US            PIE_US4         RS_US           UNR_US          UNR_US_BAR      GROWTH_US       GROWTH4_US      GROWTH4_US_BAR  BLT_US          
Y_US                      1.0000          0.5661          0.6435         -0.6123          0.0000          0.2382          0.4826          0.0332         -0.4213
PIE_US4                   0.5661          1.0000          0.8253         -0.5708          0.0000         -0.0769          0.0700          0.0236         -0.1694
RS_US                     0.6435          0.8253          1.0000         -0.7199          0.0000         -0.0890          0.0529          0.0297         -0.2221
UNR_US                   -0.6123         -0.5708         -0.7199          1.0000          0.0908          0.2011          0.0892         -0.0672          0.0222
UNR_US_BAR                0.0000          0.0000          0.0000          0.0908          1.0000          0.0000          0.0000          0.0000          0.0000
GROWTH_US                 0.2382         -0.0769         -0.0890          0.2011          0.0000          1.0000          0.6389          0.3676         -0.4059
GROWTH4_US                0.4826          0.0700          0.0529          0.0892          0.0000          0.6389          1.0000          0.5823         -0.4134
GROWTH4_US_BAR            0.0332          0.0236          0.0297         -0.0672          0.0000          0.3676          0.5823          1.0000          0.0062
BLT_US                   -0.4213         -0.1694         -0.2221          0.0222          0.0000         -0.4059         -0.4134          0.0062          1.0000
 


COEFFICIENTS OF AUTOCORRELATION

Order             1       2       3       4       5       
Y_US              0.8886  0.7304  0.5442  0.3518  0.1748
PIE_US4           0.9112  0.7807  0.6185  0.4368  0.3150
RS_US             0.9410  0.8543  0.7480  0.6304  0.5095
UNR_US            0.9744  0.9150  0.8302  0.7294  0.6218
UNR_US_BAR        1.2849  1.4305  1.5048  1.5429  1.5623
GROWTH_US         0.3179  0.2410  0.1527  0.0661 -0.0064
GROWTH4_US        0.8699  0.6715  0.4339  0.1915  0.0654
GROWTH4_US_BAR    0.9800  0.9326  0.8689  0.7997  0.7366
BLT_US            0.8771  0.6855  0.4579  0.2351  0.0470


Reporting forecast errors
& RMSE 1Q ahead\\ 
& \hline \\
$Y_US           $ &   0.432875\\
$PIE_US4        $ &   0.349781\\
$RS_US          $ &   0.431255\\
$UNR_US         $ &   0.150782\\
$UNR_US_BAR     $ &   0.321151\\
$GROWTH_US      $ &    1.80691\\
$GROWTH4_US     $ &   0.530833\\
$GROWTH4_US_BAR $ &   0.327184\\
& RMSE 4Q ahead\\ 
& \hline \\
$Y_US           $ &   0.573688\\
$PIE_US4        $ &   0.780946\\
$RS_US          $ &    1.12065\\
$UNR_US         $ &   0.401169\\
$UNR_US_BAR     $ &   0.391996\\
$GROWTH_US      $ &    2.02888\\
$GROWTH4_US     $ &    1.18654\\
$GROWTH4_US_BAR $ &    0.62848\\
& RMSE 8Q ahead\\ 
& \hline \\
$Y_US           $ &   0.805837\\
$PIE_US4        $ &   0.722146\\
$RS_US          $ &    1.49718\\
$UNR_US         $ &   0.689738\\
$UNR_US_BAR     $ &   0.485706\\
$GROWTH_US      $ &    2.25432\\
$GROWTH4_US     $ &    1.58426\\
$GROWTH4_US_BAR $ &   0.921561\\
& RMSE 12Q ahead\\ 
& \hline \\
$Y_US           $ &   0.916585\\
$PIE_US4        $ &   0.717103\\
$RS_US          $ &    1.74675\\
$UNR_US         $ &   0.913286\\
$UNR_US_BAR     $ &   0.567657\\
$GROWTH_US      $ &    2.07936\\
$GROWTH4_US     $ &    1.49992\\
$GROWTH4_US_BAR $ &    1.04151\\
& 1 Q Ahead & 4 Q Ahead & 8 Q Ahead & 12 Q Ahead \\ 
& \hline \\
$Y_US           $ &       0.43 &       0.57 &       0.81 &       0.92\\
$PIE_US4        $ &       0.35 &       0.78 &       0.72 &       0.72\\
$RS_US          $ &       0.43 &        1.1 &        1.5 &        1.7\\
$UNR_US         $ &       0.15 &        0.4 &       0.69 &       0.91\\
$UNR_US_BAR     $ &       0.32 &       0.39 &       0.49 &       0.57\\
$GROWTH_US      $ &        1.8 &          2 &        2.3 &        2.1\\
$GROWTH4_US     $ &       0.53 &        1.2 &        1.6 &        1.5\\
$GROWTH4_US_BAR $ &       0.33 &       0.63 &       0.92 &          1\\
Reporting dynamic forecasts 1 period ahead
Reporting dynamic forecasts 4 periods ahead
Reporting dynamic forecasts 8 periods ahead
Reporting dynamic forecasts 12 periods ahead
